Job running on node: cn015
Job partition: nvidia
Wed Feb 25 20:01:35 2026       
+-----------------------------------------------------------------------------------------+
| NVIDIA-SMI 580.105.08             Driver Version: 580.105.08     CUDA Version: 13.0     |
+-----------------------------------------+------------------------+----------------------+
| GPU  Name                 Persistence-M | Bus-Id          Disp.A | Volatile Uncorr. ECC |
| Fan  Temp   Perf          Pwr:Usage/Cap |           Memory-Usage | GPU-Util  Compute M. |
|                                         |                        |               MIG M. |
|=========================================+========================+======================|
|   0  NVIDIA A100 80GB PCIe          Off |   00000000:81:00.0 Off |                    0 |
| N/A   30C    P0             46W /  300W |       0MiB /  81920MiB |      0%      Default |
|                                         |                        |             Disabled |
+-----------------------------------------+------------------------+----------------------+

+-----------------------------------------------------------------------------------------+
| Processes:                                                                              |
|  GPU   GI   CI              PID   Type   Process name                        GPU Memory |
|        ID   ID                                                               Usage      |
|=========================================================================================|
|  No running processes found                                                             |
+-----------------------------------------------------------------------------------------+
--- Running LoRA Experiment ---
Job running on node: cn015
Job partition: nvidia
Wed Feb 25 20:01:36 2026       
+-----------------------------------------------------------------------------------------+
| NVIDIA-SMI 580.105.08             Driver Version: 580.105.08     CUDA Version: 13.0     |
+-----------------------------------------+------------------------+----------------------+
| GPU  Name                 Persistence-M | Bus-Id          Disp.A | Volatile Uncorr. ECC |
| Fan  Temp   Perf          Pwr:Usage/Cap |           Memory-Usage | GPU-Util  Compute M. |
|                                         |                        |               MIG M. |
|=========================================+========================+======================|
|   0  NVIDIA A100 80GB PCIe          Off |   00000000:81:00.0 Off |                    0 |
| N/A   31C    P0             95W /  300W |       0MiB /  81920MiB |      0%      Default |
|                                         |                        |             Disabled |
+-----------------------------------------+------------------------+----------------------+

+-----------------------------------------------------------------------------------------+
| Processes:                                                                              |
|  GPU   GI   CI              PID   Type   Process name                        GPU Memory |
|        ID   ID                                                               Usage      |
|=========================================================================================|
|  No running processes found                                                             |
+-----------------------------------------------------------------------------------------+
--- Running Baseline Experiment ---
--- STARTING BASELINE: facebook/esm2_t36_3B_UR50D on RNC_ECOLI  ---
Loading data from RNC_ECOLI_Weeks_2023.csv...
Data loaded Successfully.
Training on 3421 sequences.
Testing on 856 seuqences.
Starting Training...
{'eval_loss': 0.370332807302475, 'eval_spearman_rho': 0.40006975175951104, 'eval_mse': 0.37033283710479736, 'eval_runtime': 24.587, 'eval_samples_per_second': 34.815, 'eval_steps_per_second': 8.704, 'epoch': 1.0}
{'loss': 0.4115, 'grad_norm': 12.736414909362793, 'learning_rate': 7.672897196261683e-06, 'epoch': 1.17}
{'eval_loss': 0.42527592182159424, 'eval_spearman_rho': 0.37489138397756233, 'eval_mse': 0.42527592182159424, 'eval_runtime': 24.5453, 'eval_samples_per_second': 34.874, 'eval_steps_per_second': 8.719, 'epoch': 2.0}
{'loss': 0.3493, 'grad_norm': 64.2030029296875, 'learning_rate': 5.345794392523364e-06, 'epoch': 2.34}
{'eval_loss': 0.3010537922382355, 'eval_spearman_rho': 0.4932047708715661, 'eval_mse': 0.3010537922382355, 'eval_runtime': 24.5721, 'eval_samples_per_second': 34.836, 'eval_steps_per_second': 8.709, 'epoch': 3.0}
{'loss': 0.2674, 'grad_norm': 56.227439880371094, 'learning_rate': 3.0093457943925236e-06, 'epoch': 3.5}
{'eval_loss': 0.26659685373306274, 'eval_spearman_rho': 0.5250428164994204, 'eval_mse': 0.26659685373306274, 'eval_runtime': 24.5795, 'eval_samples_per_second': 34.826, 'eval_steps_per_second': 8.706, 'epoch': 4.0}
{'loss': 0.1965, 'grad_norm': 12.53154182434082, 'learning_rate': 6.728971962616823e-07, 'epoch': 4.67}
{'eval_loss': 0.21426580846309662, 'eval_spearman_rho': 0.5490993613761053, 'eval_mse': 0.21426579356193542, 'eval_runtime': 24.576, 'eval_samples_per_second': 34.831, 'eval_steps_per_second': 8.708, 'epoch': 5.0}
