Job running on node: cn268
Job partition: nvidia
Wed Feb 18 16:28:15 2026       
+-----------------------------------------------------------------------------------------+
| NVIDIA-SMI 580.105.08             Driver Version: 580.105.08     CUDA Version: 13.0     |
+-----------------------------------------+------------------------+----------------------+
| GPU  Name                 Persistence-M | Bus-Id          Disp.A | Volatile Uncorr. ECC |
| Fan  Temp   Perf          Pwr:Usage/Cap |           Memory-Usage | GPU-Util  Compute M. |
|                                         |                        |               MIG M. |
|=========================================+========================+======================|
|   0  NVIDIA A100-SXM4-80GB          Off |   00000000:81:00.0 Off |                    0 |
| N/A   28C    P0             61W /  500W |       0MiB /  81920MiB |      0%      Default |
|                                         |                        |             Disabled |
+-----------------------------------------+------------------------+----------------------+

+-----------------------------------------------------------------------------------------+
| Processes:                                                                              |
|  GPU   GI   CI              PID   Type   Process name                        GPU Memory |
|        ID   ID                                                               Usage      |
|=========================================================================================|
|  No running processes found                                                             |
+-----------------------------------------------------------------------------------------+
--- Running LoRA Experiment ---
Job running on node: cn268
Job partition: nvidia
Wed Feb 18 16:28:16 2026       
+-----------------------------------------------------------------------------------------+
| NVIDIA-SMI 580.105.08             Driver Version: 580.105.08     CUDA Version: 13.0     |
+-----------------------------------------+------------------------+----------------------+
| GPU  Name                 Persistence-M | Bus-Id          Disp.A | Volatile Uncorr. ECC |
| Fan  Temp   Perf          Pwr:Usage/Cap |           Memory-Usage | GPU-Util  Compute M. |
|                                         |                        |               MIG M. |
|=========================================+========================+======================|
|   0  NVIDIA A100-SXM4-80GB          Off |   00000000:81:00.0 Off |                    0 |
| N/A   29C    P0            110W /  500W |       0MiB /  81920MiB |      0%      Default |
|                                         |                        |             Disabled |
+-----------------------------------------+------------------------+----------------------+

+-----------------------------------------------------------------------------------------+
| Processes:                                                                              |
|  GPU   GI   CI              PID   Type   Process name                        GPU Memory |
|        ID   ID                                                               Usage      |
|=========================================================================================|
|  No running processes found                                                             |
+-----------------------------------------------------------------------------------------+
--- Running LoRA Experiment ---
--- STARTING OPTIMIZED LoRA EXPERIMENT: facebook/esm2_t33_650M_UR50D ---
Loading data from RNC_ECOLI_Weeks_2023.csv...

--- LoRA TRAINABLE PARAMETERS (Optimized) ---
trainable params: 2,992,641 || all params: 654,034,583 || trainable%: 0.4576
---------------------------------------------

Starting Optimized LoRA Training...
{'loss': 0.463, 'grad_norm': 4.7829694747924805, 'learning_rate': 0.00045852803738317754, 'epoch': 0.58}
{'eval_loss': 0.37070798873901367, 'eval_spearman_rho': -0.16497127335277817, 'eval_mse': 0.37070798873901367, 'eval_runtime': 11.1582, 'eval_samples_per_second': 76.715, 'eval_steps_per_second': 19.179, 'epoch': 1.0}
{'loss': 0.432, 'grad_norm': 4.198427200317383, 'learning_rate': 0.00041680574098798393, 'epoch': 1.17}
{'loss': 0.3948, 'grad_norm': 1.43422269821167, 'learning_rate': 0.0003750834445927904, 'epoch': 1.75}
{'eval_loss': 0.3583441376686096, 'eval_spearman_rho': 0.42756104600900463, 'eval_mse': 0.358344167470932, 'eval_runtime': 11.1826, 'eval_samples_per_second': 76.548, 'eval_steps_per_second': 19.137, 'epoch': 2.0}
{'loss': 0.4244, 'grad_norm': 2.8506453037261963, 'learning_rate': 0.0003333611481975968, 'epoch': 2.34}
{'loss': 0.2329, 'grad_norm': 4.631356239318848, 'learning_rate': 0.0002917222963951936, 'epoch': 2.92}
{'eval_loss': 0.17944489419460297, 'eval_spearman_rho': 0.6236061721524209, 'eval_mse': 0.17944490909576416, 'eval_runtime': 11.1022, 'eval_samples_per_second': 77.102, 'eval_steps_per_second': 19.276, 'epoch': 3.0}
{'loss': 0.1291, 'grad_norm': 1.2565457820892334, 'learning_rate': 0.00025, 'epoch': 3.5}
{'eval_loss': 0.13522765040397644, 'eval_spearman_rho': 0.6850227428499601, 'eval_mse': 0.13522766530513763, 'eval_runtime': 11.056, 'eval_samples_per_second': 77.424, 'eval_steps_per_second': 19.356, 'epoch': 4.0}
{'loss': 0.1126, 'grad_norm': 1.0752118825912476, 'learning_rate': 0.0002082777036048064, 'epoch': 4.09}
{'loss': 0.0801, 'grad_norm': 2.3294079303741455, 'learning_rate': 0.00016655540720961282, 'epoch': 4.67}
{'eval_loss': 0.10220055282115936, 'eval_spearman_rho': 0.7074446741692837, 'eval_mse': 0.10220055282115936, 'eval_runtime': 11.1038, 'eval_samples_per_second': 77.09, 'eval_steps_per_second': 19.273, 'epoch': 5.0}
{'loss': 0.0794, 'grad_norm': 0.4706231951713562, 'learning_rate': 0.00012483311081441922, 'epoch': 5.26}
{'loss': 0.0617, 'grad_norm': 1.578223466873169, 'learning_rate': 8.311081441922563e-05, 'epoch': 5.84}
{'eval_loss': 0.10942844301462173, 'eval_spearman_rho': 0.7115668488614628, 'eval_mse': 0.10942844301462173, 'eval_runtime': 11.0875, 'eval_samples_per_second': 77.204, 'eval_steps_per_second': 19.301, 'epoch': 6.0}
{'loss': 0.0576, 'grad_norm': 0.47956833243370056, 'learning_rate': 4.138851802403204e-05, 'epoch': 6.43}
{'eval_loss': 0.10293906927108765, 'eval_spearman_rho': 0.7122909184356738, 'eval_mse': 0.10293906927108765, 'eval_runtime': 11.1783, 'eval_samples_per_second': 76.577, 'eval_steps_per_second': 19.144, 'epoch': 7.0}
{'train_runtime': 841.6502, 'train_samples_per_second': 28.452, 'train_steps_per_second': 7.119, 'train_loss': 0.20928356103171333, 'epoch': 7.0}
Evaluating on Test Set...

--- FINAL RESULTS ---
Spearman Rho: 0.7123
MSE Loss: 0.1029
---------------------
