Loading module 'cuda/11.8.0'
Loading module 'gcc/9.2.0'

Loading [1mcuda/11.8.0[22m
  [94mLoading requirement[0m: gcc/9.2.0
python: can't open file '/scratch/ss17886/baseline/baseline_lora.py#!/bin/bash': [Errno 2] No such file or directory
Unloading module 'cuda/11.8.0'
Unloading module 'gcc/9.2.0'
Loading module 'cuda/11.8.0'
Loading module 'gcc/9.2.0'

Loading [1mcuda/11.8.0[22m
  [94mLoading requirement[0m: gcc/9.2.0
Map:   0%|          | 0/3421 [00:00<?, ? examples/s]Map:  29%|██▉       | 1000/3421 [00:01<00:03, 784.17 examples/s]Map:  58%|█████▊    | 2000/3421 [00:02<00:01, 788.14 examples/s]Map:  88%|████████▊ | 3000/3421 [00:03<00:00, 787.70 examples/s]Map: 100%|██████████| 3421/3421 [00:04<00:00, 788.83 examples/s]Map: 100%|██████████| 3421/3421 [00:04<00:00, 787.49 examples/s]
Map:   0%|          | 0/856 [00:00<?, ? examples/s]Map: 100%|██████████| 856/856 [00:01<00:00, 793.35 examples/s]Map: 100%|██████████| 856/856 [00:01<00:00, 789.86 examples/s]
Some weights of EsmForSequenceClassification were not initialized from the model checkpoint at facebook/esm2_t33_650M_UR50D and are newly initialized: ['classifier.dense.bias', 'classifier.dense.weight', 'classifier.out_proj.bias', 'classifier.out_proj.weight']
You should probably TRAIN this model on a down-stream task to be able to use it for predictions and inference.
Detected kernel version 4.18.0, which is below the recommended minimum of 5.5.0; this can cause the process to hang. It is recommended to upgrade the kernel to the minimum version or higher.
  0%|          | 0/540 [00:00<?, ?it/s]Traceback (most recent call last):
  File "/scratch/ss17886/baseline/baseline_lora.py", line 99, in <module>
    trainer.train()
  File "/home/ss17886/.conda/envs/esm_repro/lib/python3.9/site-packages/transformers/trainer.py", line 2325, in train
    return inner_training_loop(
  File "/home/ss17886/.conda/envs/esm_repro/lib/python3.9/site-packages/transformers/trainer.py", line 2674, in _inner_training_loop
    tr_loss_step = self.training_step(model, inputs, num_items_in_batch)
  File "/home/ss17886/.conda/envs/esm_repro/lib/python3.9/site-packages/transformers/trainer.py", line 4020, in training_step
    loss = self.compute_loss(model, inputs, num_items_in_batch=num_items_in_batch)
  File "/home/ss17886/.conda/envs/esm_repro/lib/python3.9/site-packages/transformers/trainer.py", line 4110, in compute_loss
    outputs = model(**inputs)
  File "/home/ss17886/.conda/envs/esm_repro/lib/python3.9/site-packages/torch/nn/modules/module.py", line 1751, in _wrapped_call_impl
    return self._call_impl(*args, **kwargs)
  File "/home/ss17886/.conda/envs/esm_repro/lib/python3.9/site-packages/torch/nn/modules/module.py", line 1762, in _call_impl
    return forward_call(*args, **kwargs)
  File "/home/ss17886/.conda/envs/esm_repro/lib/python3.9/site-packages/accelerate/utils/operations.py", line 818, in forward
    return model_forward(*args, **kwargs)
  File "/home/ss17886/.conda/envs/esm_repro/lib/python3.9/site-packages/accelerate/utils/operations.py", line 806, in __call__
    return convert_to_fp32(self.model_forward(*args, **kwargs))
  File "/home/ss17886/.conda/envs/esm_repro/lib/python3.9/site-packages/torch/amp/autocast_mode.py", line 44, in decorate_autocast
    return func(*args, **kwargs)
  File "/home/ss17886/.conda/envs/esm_repro/lib/python3.9/site-packages/peft/peft_model.py", line 1652, in forward
    return self.base_model(
  File "/home/ss17886/.conda/envs/esm_repro/lib/python3.9/site-packages/torch/nn/modules/module.py", line 1751, in _wrapped_call_impl
    return self._call_impl(*args, **kwargs)
  File "/home/ss17886/.conda/envs/esm_repro/lib/python3.9/site-packages/torch/nn/modules/module.py", line 1762, in _call_impl
    return forward_call(*args, **kwargs)
  File "/home/ss17886/.conda/envs/esm_repro/lib/python3.9/site-packages/peft/tuners/tuners_utils.py", line 222, in forward
    return self.model.forward(*args, **kwargs)
  File "/home/ss17886/.conda/envs/esm_repro/lib/python3.9/site-packages/transformers/utils/generic.py", line 918, in wrapper
    output = func(self, *args, **kwargs)
  File "/home/ss17886/.conda/envs/esm_repro/lib/python3.9/site-packages/transformers/models/esm/modeling_esm.py", line 913, in forward
    outputs = self.esm(
  File "/home/ss17886/.conda/envs/esm_repro/lib/python3.9/site-packages/torch/nn/modules/module.py", line 1751, in _wrapped_call_impl
    return self._call_impl(*args, **kwargs)
  File "/home/ss17886/.conda/envs/esm_repro/lib/python3.9/site-packages/torch/nn/modules/module.py", line 1762, in _call_impl
    return forward_call(*args, **kwargs)
  File "/home/ss17886/.conda/envs/esm_repro/lib/python3.9/site-packages/transformers/utils/generic.py", line 1072, in wrapper
    outputs = func(self, *args, **kwargs)
  File "/home/ss17886/.conda/envs/esm_repro/lib/python3.9/site-packages/transformers/models/esm/modeling_esm.py", line 748, in forward
    encoder_outputs = self.encoder(
  File "/home/ss17886/.conda/envs/esm_repro/lib/python3.9/site-packages/torch/nn/modules/module.py", line 1751, in _wrapped_call_impl
    return self._call_impl(*args, **kwargs)
  File "/home/ss17886/.conda/envs/esm_repro/lib/python3.9/site-packages/torch/nn/modules/module.py", line 1762, in _call_impl
    return forward_call(*args, **kwargs)
  File "/home/ss17886/.conda/envs/esm_repro/lib/python3.9/site-packages/transformers/utils/generic.py", line 918, in wrapper
    output = func(self, *args, **kwargs)
  File "/home/ss17886/.conda/envs/esm_repro/lib/python3.9/site-packages/transformers/models/esm/modeling_esm.py", line 556, in forward
    hidden_states = layer_module(
  File "/home/ss17886/.conda/envs/esm_repro/lib/python3.9/site-packages/transformers/modeling_layers.py", line 94, in __call__
    return super().__call__(*args, **kwargs)
  File "/home/ss17886/.conda/envs/esm_repro/lib/python3.9/site-packages/torch/nn/modules/module.py", line 1751, in _wrapped_call_impl
    return self._call_impl(*args, **kwargs)
  File "/home/ss17886/.conda/envs/esm_repro/lib/python3.9/site-packages/torch/nn/modules/module.py", line 1762, in _call_impl
    return forward_call(*args, **kwargs)
  File "/home/ss17886/.conda/envs/esm_repro/lib/python3.9/site-packages/transformers/models/esm/modeling_esm.py", line 526, in forward
    layer_output = self.feed_forward_chunk(attention_output)
  File "/home/ss17886/.conda/envs/esm_repro/lib/python3.9/site-packages/transformers/models/esm/modeling_esm.py", line 531, in feed_forward_chunk
    intermediate_output = self.intermediate(attention_output_ln)
  File "/home/ss17886/.conda/envs/esm_repro/lib/python3.9/site-packages/torch/nn/modules/module.py", line 1751, in _wrapped_call_impl
    return self._call_impl(*args, **kwargs)
  File "/home/ss17886/.conda/envs/esm_repro/lib/python3.9/site-packages/torch/nn/modules/module.py", line 1762, in _call_impl
    return forward_call(*args, **kwargs)
  File "/home/ss17886/.conda/envs/esm_repro/lib/python3.9/site-packages/transformers/models/esm/modeling_esm.py", line 461, in forward
    hidden_states = gelu(hidden_states)
  File "/home/ss17886/.conda/envs/esm_repro/lib/python3.9/site-packages/transformers/models/esm/modeling_esm.py", line 60, in gelu
    return x * 0.5 * (1.0 + torch.erf(x / math.sqrt(2.0)))
torch.OutOfMemoryError: CUDA out of memory. Tried to allocate 160.00 MiB. GPU 0 has a total capacity of 39.49 GiB of which 94.50 MiB is free. Including non-PyTorch memory, this process has 39.39 GiB memory in use. Of the allocated memory 38.71 GiB is allocated by PyTorch, and 192.06 MiB is reserved by PyTorch but unallocated. If reserved but unallocated memory is large try setting PYTORCH_CUDA_ALLOC_CONF=expandable_segments:True to avoid fragmentation.  See documentation for Memory Management  (https://pytorch.org/docs/stable/notes/cuda.html#environment-variables)
  0%|          | 0/540 [00:00<?, ?it/s]
