Job running on node: cn007
Job partition: nvidia
Thu Feb 26 12:53:07 2026       
+-----------------------------------------------------------------------------------------+
| NVIDIA-SMI 580.105.08             Driver Version: 580.105.08     CUDA Version: 13.0     |
+-----------------------------------------+------------------------+----------------------+
| GPU  Name                 Persistence-M | Bus-Id          Disp.A | Volatile Uncorr. ECC |
| Fan  Temp   Perf          Pwr:Usage/Cap |           Memory-Usage | GPU-Util  Compute M. |
|                                         |                        |               MIG M. |
|=========================================+========================+======================|
|   0  NVIDIA A100-PCIE-40GB          Off |   00000000:25:00.0 Off |                    0 |
| N/A   29C    P0             38W /  250W |       0MiB /  40960MiB |      0%      Default |
|                                         |                        |             Disabled |
+-----------------------------------------+------------------------+----------------------+

+-----------------------------------------------------------------------------------------+
| Processes:                                                                              |
|  GPU   GI   CI              PID   Type   Process name                        GPU Memory |
|        ID   ID                                                               Usage      |
|=========================================================================================|
|  No running processes found                                                             |
+-----------------------------------------------------------------------------------------+
--- Running LoRA Experiment ---
--- STARTING LoRA FINE-TUNING: facebook/esm2_t33_650M_UR50D ---
Training on 3421 sequences.
Testing on 856 sequences.
trainable params: 13,806,081 || all params: 664,848,023 || trainable%: 2.0766
Starting LoRA Training...
{'eval_loss': 0.3695732057094574, 'eval_spearman_rho': 0.5618384710040625, 'eval_mse': 0.3695732057094574, 'eval_runtime': 20.8324, 'eval_samples_per_second': 41.09, 'eval_steps_per_second': 10.272, 'epoch': 1.0}
{'loss': 0.4086, 'grad_norm': 1.7299166917800903, 'learning_rate': 6.121495327102805e-05, 'epoch': 1.17}
{'eval_loss': 0.12183678150177002, 'eval_spearman_rho': 0.6697131589153438, 'eval_mse': 0.12183678150177002, 'eval_runtime': 20.8395, 'eval_samples_per_second': 41.076, 'eval_steps_per_second': 10.269, 'epoch': 2.0}
{'loss': 0.1437, 'grad_norm': 2.7492687702178955, 'learning_rate': 2.2274143302180686e-05, 'epoch': 2.34}
{'eval_loss': 0.1088852733373642, 'eval_spearman_rho': 0.6863494882609921, 'eval_mse': 0.1088852733373642, 'eval_runtime': 20.781, 'eval_samples_per_second': 41.191, 'eval_steps_per_second': 10.298, 'epoch': 3.0}
{'train_runtime': 760.0315, 'train_samples_per_second': 13.503, 'train_steps_per_second': 1.689, 'train_loss': 0.23280514215011835, 'epoch': 3.0}
Evaluating on Test Set...

--- FINAL LoRA RESULTS ---
Model: facebook/esm2_t33_650M_UR50D
Spearman Rho: 0.6863
MSE Loss: 0.1089
Max GPU memory allocated during training: 9.47 GB
Training time: 12m 40s
---------------------------
