Job running on node: cn007
Job partition: nvidia
Thu Feb 19 12:47:04 2026       
+-----------------------------------------------------------------------------------------+
| NVIDIA-SMI 580.105.08             Driver Version: 580.105.08     CUDA Version: 13.0     |
+-----------------------------------------+------------------------+----------------------+
| GPU  Name                 Persistence-M | Bus-Id          Disp.A | Volatile Uncorr. ECC |
| Fan  Temp   Perf          Pwr:Usage/Cap |           Memory-Usage | GPU-Util  Compute M. |
|                                         |                        |               MIG M. |
|=========================================+========================+======================|
|   0  NVIDIA A100-PCIE-40GB          Off |   00000000:25:00.0 Off |                    0 |
| N/A   30C    P0             38W /  250W |       0MiB /  40960MiB |      0%      Default |
|                                         |                        |             Disabled |
+-----------------------------------------+------------------------+----------------------+

+-----------------------------------------------------------------------------------------+
| Processes:                                                                              |
|  GPU   GI   CI              PID   Type   Process name                        GPU Memory |
|        ID   ID                                                               Usage      |
|=========================================================================================|
|  No running processes found                                                             |
+-----------------------------------------------------------------------------------------+
--- Running LoRA Experiment ---
Job running on node: cn007
Job partition: nvidia
Thu Feb 19 12:47:05 2026       
+-----------------------------------------------------------------------------------------+
| NVIDIA-SMI 580.105.08             Driver Version: 580.105.08     CUDA Version: 13.0     |
+-----------------------------------------+------------------------+----------------------+
| GPU  Name                 Persistence-M | Bus-Id          Disp.A | Volatile Uncorr. ECC |
| Fan  Temp   Perf          Pwr:Usage/Cap |           Memory-Usage | GPU-Util  Compute M. |
|                                         |                        |               MIG M. |
|=========================================+========================+======================|
|   0  NVIDIA A100-PCIE-40GB          Off |   00000000:25:00.0 Off |                    0 |
| N/A   31C    P0             74W /  250W |       0MiB /  40960MiB |      0%      Default |
|                                         |                        |             Disabled |
+-----------------------------------------+------------------------+----------------------+

+-----------------------------------------------------------------------------------------+
| Processes:                                                                              |
|  GPU   GI   CI              PID   Type   Process name                        GPU Memory |
|        ID   ID                                                               Usage      |
|=========================================================================================|
|  No running processes found                                                             |
+-----------------------------------------------------------------------------------------+
--- Running LoRA Experiment ---
--- STARTING LoRA FINE-TUNING: facebook/esm2_t33_650M_UR50D ---
Training on 3421 sequences.
Testing on 856 sequences.
trainable params: 13,806,081 || all params: 664,848,023 || trainable%: 2.0766
Starting LoRA Training...
{'eval_loss': 0.34539297223091125, 'eval_spearman_rho': 0.4915599151883664, 'eval_mse': 0.34539297223091125, 'eval_runtime': 21.3891, 'eval_samples_per_second': 40.02, 'eval_steps_per_second': 10.005, 'epoch': 1.0}
{'loss': 0.4102, 'grad_norm': 1.1584316492080688, 'learning_rate': 7.672897196261682e-05, 'epoch': 1.17}
{'eval_loss': 0.11489982157945633, 'eval_spearman_rho': 0.6802693097770776, 'eval_mse': 0.11489982157945633, 'eval_runtime': 21.4079, 'eval_samples_per_second': 39.985, 'eval_steps_per_second': 9.996, 'epoch': 2.0}
{'loss': 0.1528, 'grad_norm': 2.350193977355957, 'learning_rate': 5.3411214953271024e-05, 'epoch': 2.34}
{'eval_loss': 0.11472274363040924, 'eval_spearman_rho': 0.6794814141283287, 'eval_mse': 0.11472274363040924, 'eval_runtime': 21.3692, 'eval_samples_per_second': 40.058, 'eval_steps_per_second': 10.014, 'epoch': 3.0}
{'loss': 0.0711, 'grad_norm': 0.3354119062423706, 'learning_rate': 3.0046728971962617e-05, 'epoch': 3.5}
{'eval_loss': 0.10407234728336334, 'eval_spearman_rho': 0.707751863021235, 'eval_mse': 0.10407233983278275, 'eval_runtime': 21.3402, 'eval_samples_per_second': 40.112, 'eval_steps_per_second': 10.028, 'epoch': 4.0}
{'loss': 0.0506, 'grad_norm': 1.5520741939544678, 'learning_rate': 6.6822429906542055e-06, 'epoch': 4.67}
{'eval_loss': 0.10323893278837204, 'eval_spearman_rho': 0.7090002035263623, 'eval_mse': 0.10323893278837204, 'eval_runtime': 21.3132, 'eval_samples_per_second': 40.163, 'eval_steps_per_second': 10.041, 'epoch': 5.0}
{'train_runtime': 1297.465, 'train_samples_per_second': 13.183, 'train_steps_per_second': 1.649, 'train_loss': 0.16317817763747455, 'epoch': 5.0}
Evaluating on Test Set...

--- FINAL LoRA RESULTS ---
Model: facebook/esm2_t33_650M_UR50D
Spearman Rho: 0.7090
MSE Loss: 0.1032
---------------------------
