Job running on node: cn006
Job partition: nvidia
Wed Feb 25 15:47:53 2026       
+-----------------------------------------------------------------------------------------+
| NVIDIA-SMI 580.105.08             Driver Version: 580.105.08     CUDA Version: 13.0     |
+-----------------------------------------+------------------------+----------------------+
| GPU  Name                 Persistence-M | Bus-Id          Disp.A | Volatile Uncorr. ECC |
| Fan  Temp   Perf          Pwr:Usage/Cap |           Memory-Usage | GPU-Util  Compute M. |
|                                         |                        |               MIG M. |
|=========================================+========================+======================|
|   0  NVIDIA A100-PCIE-40GB          Off |   00000000:81:00.0 Off |                    0 |
| N/A   29C    P0             39W /  250W |       0MiB /  40960MiB |      0%      Default |
|                                         |                        |             Disabled |
+-----------------------------------------+------------------------+----------------------+

+-----------------------------------------------------------------------------------------+
| Processes:                                                                              |
|  GPU   GI   CI              PID   Type   Process name                        GPU Memory |
|        ID   ID                                                               Usage      |
|=========================================================================================|
|  No running processes found                                                             |
+-----------------------------------------------------------------------------------------+
--- Running LoRA Experiment ---
Job running on node: cn006
Job partition: nvidia
Wed Feb 25 15:47:54 2026       
+-----------------------------------------------------------------------------------------+
| NVIDIA-SMI 580.105.08             Driver Version: 580.105.08     CUDA Version: 13.0     |
+-----------------------------------------+------------------------+----------------------+
| GPU  Name                 Persistence-M | Bus-Id          Disp.A | Volatile Uncorr. ECC |
| Fan  Temp   Perf          Pwr:Usage/Cap |           Memory-Usage | GPU-Util  Compute M. |
|                                         |                        |               MIG M. |
|=========================================+========================+======================|
|   0  NVIDIA A100-PCIE-40GB          Off |   00000000:81:00.0 Off |                    0 |
| N/A   31C    P0             77W /  250W |       0MiB /  40960MiB |      0%      Default |
|                                         |                        |             Disabled |
+-----------------------------------------+------------------------+----------------------+

+-----------------------------------------------------------------------------------------+
| Processes:                                                                              |
|  GPU   GI   CI              PID   Type   Process name                        GPU Memory |
|        ID   ID                                                               Usage      |
|=========================================================================================|
|  No running processes found                                                             |
+-----------------------------------------------------------------------------------------+
--- Running LoRA Experiment ---
--- STARTING LoRA FINE-TUNING: facebook/esm2_t33_650M_UR50D ---
Training on 3421 sequences.
Testing on 856 sequences.
trainable params: 13,806,081 || all params: 664,848,023 || trainable%: 2.0766
Starting LoRA Training...
{'eval_loss': 0.4249430000782013, 'eval_spearman_rho': 0.33887757917498057, 'eval_mse': 0.4249430000782013, 'eval_runtime': 21.1245, 'eval_samples_per_second': 40.522, 'eval_steps_per_second': 10.13, 'epoch': 1.0}
{'loss': 0.4291, 'grad_norm': 0.683587908744812, 'learning_rate': 0.0001224299065420561, 'epoch': 1.17}
{'eval_loss': 0.14557936787605286, 'eval_spearman_rho': 0.6275222659310445, 'eval_mse': 0.14557936787605286, 'eval_runtime': 21.1436, 'eval_samples_per_second': 40.485, 'eval_steps_per_second': 10.121, 'epoch': 2.0}
{'loss': 0.1801, 'grad_norm': 2.3377931118011475, 'learning_rate': 4.454828660436137e-05, 'epoch': 2.34}
{'eval_loss': 0.11882200837135315, 'eval_spearman_rho': 0.6637374682989751, 'eval_mse': 0.11882200837135315, 'eval_runtime': 24.037, 'eval_samples_per_second': 35.612, 'eval_steps_per_second': 8.903, 'epoch': 3.0}
{'train_runtime': 772.044, 'train_samples_per_second': 13.293, 'train_steps_per_second': 1.663, 'train_loss': 0.258469140418222, 'epoch': 3.0}
Evaluating on Test Set...

--- FINAL LoRA RESULTS ---
Model: facebook/esm2_t33_650M_UR50D
Spearman Rho: 0.6637
MSE Loss: 0.1188
---------------------------
