Job running on node: cn268
Job partition: nvidia
Wed Feb 18 16:44:18 2026       
+-----------------------------------------------------------------------------------------+
| NVIDIA-SMI 580.105.08             Driver Version: 580.105.08     CUDA Version: 13.0     |
+-----------------------------------------+------------------------+----------------------+
| GPU  Name                 Persistence-M | Bus-Id          Disp.A | Volatile Uncorr. ECC |
| Fan  Temp   Perf          Pwr:Usage/Cap |           Memory-Usage | GPU-Util  Compute M. |
|                                         |                        |               MIG M. |
|=========================================+========================+======================|
|   0  NVIDIA A100-SXM4-80GB          Off |   00000000:81:00.0 Off |                    0 |
| N/A   29C    P0             62W /  500W |       0MiB /  81920MiB |      0%      Default |
|                                         |                        |             Disabled |
+-----------------------------------------+------------------------+----------------------+

+-----------------------------------------------------------------------------------------+
| Processes:                                                                              |
|  GPU   GI   CI              PID   Type   Process name                        GPU Memory |
|        ID   ID                                                               Usage      |
|=========================================================================================|
|  No running processes found                                                             |
+-----------------------------------------------------------------------------------------+
--- Running LoRA Experiment ---
Job running on node: cn268
Job partition: nvidia
Wed Feb 18 16:44:19 2026       
+-----------------------------------------------------------------------------------------+
| NVIDIA-SMI 580.105.08             Driver Version: 580.105.08     CUDA Version: 13.0     |
+-----------------------------------------+------------------------+----------------------+
| GPU  Name                 Persistence-M | Bus-Id          Disp.A | Volatile Uncorr. ECC |
| Fan  Temp   Perf          Pwr:Usage/Cap |           Memory-Usage | GPU-Util  Compute M. |
|                                         |                        |               MIG M. |
|=========================================+========================+======================|
|   0  NVIDIA A100-SXM4-80GB          Off |   00000000:81:00.0 Off |                    0 |
| N/A   30C    P0             88W /  500W |       0MiB /  81920MiB |      0%      Default |
|                                         |                        |             Disabled |
+-----------------------------------------+------------------------+----------------------+

+-----------------------------------------------------------------------------------------+
| Processes:                                                                              |
|  GPU   GI   CI              PID   Type   Process name                        GPU Memory |
|        ID   ID                                                               Usage      |
|=========================================================================================|
|  No running processes found                                                             |
+-----------------------------------------------------------------------------------------+
--- Running Baseline Experiment ---
--- STARTING BASELINE: facebook/esm2_t33_650M_UR50D on RNC_ECOLI  ---
Loading data from RNC_ECOLI_Weeks_2023.csv...
Data loaded Successfully.
Training on 3421 sequences.
Testing on 856 seuqences.
Starting Training...
{'eval_loss': 0.26088660955429077, 'eval_spearman_rho': 0.5700913089956209, 'eval_mse': 0.2608865797519684, 'eval_runtime': 8.86, 'eval_samples_per_second': 96.614, 'eval_steps_per_second': 24.153, 'epoch': 1.0}
{'loss': 0.3736, 'grad_norm': 10.032176971435547, 'learning_rate': 7.672897196261683e-06, 'epoch': 1.17}
{'eval_loss': 0.14573706686496735, 'eval_spearman_rho': 0.6214121816465465, 'eval_mse': 0.14573706686496735, 'eval_runtime': 8.8431, 'eval_samples_per_second': 96.798, 'eval_steps_per_second': 24.2, 'epoch': 2.0}
{'loss': 0.1373, 'grad_norm': 6.098692417144775, 'learning_rate': 5.336448598130841e-06, 'epoch': 2.34}
{'eval_loss': 0.14216452836990356, 'eval_spearman_rho': 0.660164952118492, 'eval_mse': 0.14216452836990356, 'eval_runtime': 8.8794, 'eval_samples_per_second': 96.403, 'eval_steps_per_second': 24.101, 'epoch': 3.0}
{'loss': 0.0846, 'grad_norm': 3.305327892303467, 'learning_rate': 3e-06, 'epoch': 3.5}
{'eval_loss': 0.12051863968372345, 'eval_spearman_rho': 0.6750226462037789, 'eval_mse': 0.12051864713430405, 'eval_runtime': 8.8759, 'eval_samples_per_second': 96.441, 'eval_steps_per_second': 24.11, 'epoch': 4.0}
{'loss': 0.0611, 'grad_norm': 2.0624148845672607, 'learning_rate': 6.63551401869159e-07, 'epoch': 4.67}
{'eval_loss': 0.11302083730697632, 'eval_spearman_rho': 0.6779007974268862, 'eval_mse': 0.11302083730697632, 'eval_runtime': 8.8683, 'eval_samples_per_second': 96.523, 'eval_steps_per_second': 24.131, 'epoch': 5.0}
{'train_runtime': 697.6084, 'train_samples_per_second': 24.519, 'train_steps_per_second': 3.068, 'train_loss': 0.15707003334972347, 'epoch': 5.0}
Evaluating on Test Set...

--- FINAL BASELINE RESULTS ---
Model: facebook/esm2_t33_650M_UR50D
Spearman Rho: 0.6779
MSE Loss: 0.1130
------------------------------
