Job running on node: cn006
Job partition: nvidia
Wed Feb 25 16:10:07 2026       
+-----------------------------------------------------------------------------------------+
| NVIDIA-SMI 580.105.08             Driver Version: 580.105.08     CUDA Version: 13.0     |
+-----------------------------------------+------------------------+----------------------+
| GPU  Name                 Persistence-M | Bus-Id          Disp.A | Volatile Uncorr. ECC |
| Fan  Temp   Perf          Pwr:Usage/Cap |           Memory-Usage | GPU-Util  Compute M. |
|                                         |                        |               MIG M. |
|=========================================+========================+======================|
|   0  NVIDIA A100-PCIE-40GB          Off |   00000000:81:00.0 Off |                    0 |
| N/A   28C    P0             39W /  250W |       0MiB /  40960MiB |      0%      Default |
|                                         |                        |             Disabled |
+-----------------------------------------+------------------------+----------------------+

+-----------------------------------------------------------------------------------------+
| Processes:                                                                              |
|  GPU   GI   CI              PID   Type   Process name                        GPU Memory |
|        ID   ID                                                               Usage      |
|=========================================================================================|
|  No running processes found                                                             |
+-----------------------------------------------------------------------------------------+
--- Running LoRA Experiment ---
Job running on node: cn006
Job partition: nvidia
Wed Feb 25 16:10:08 2026       
+-----------------------------------------------------------------------------------------+
| NVIDIA-SMI 580.105.08             Driver Version: 580.105.08     CUDA Version: 13.0     |
+-----------------------------------------+------------------------+----------------------+
| GPU  Name                 Persistence-M | Bus-Id          Disp.A | Volatile Uncorr. ECC |
| Fan  Temp   Perf          Pwr:Usage/Cap |           Memory-Usage | GPU-Util  Compute M. |
|                                         |                        |               MIG M. |
|=========================================+========================+======================|
|   0  NVIDIA A100-PCIE-40GB          Off |   00000000:81:00.0 Off |                    0 |
| N/A   29C    P0             81W /  250W |       0MiB /  40960MiB |      0%      Default |
|                                         |                        |             Disabled |
+-----------------------------------------+------------------------+----------------------+

+-----------------------------------------------------------------------------------------+
| Processes:                                                                              |
|  GPU   GI   CI              PID   Type   Process name                        GPU Memory |
|        ID   ID                                                               Usage      |
|=========================================================================================|
|  No running processes found                                                             |
+-----------------------------------------------------------------------------------------+
--- Running LoRA Experiment ---
--- STARTING LoRA FINE-TUNING: facebook/esm2_t33_650M_UR50D ---
Training on 3421 sequences.
Testing on 856 sequences.
trainable params: 13,806,081 || all params: 664,848,023 || trainable%: 2.0766
Starting LoRA Training...
{'eval_loss': 0.39263439178466797, 'eval_spearman_rho': 0.39085595728711336, 'eval_mse': 0.39263439178466797, 'eval_runtime': 12.2147, 'eval_samples_per_second': 70.08, 'eval_steps_per_second': 8.76, 'epoch': 1.0}
{'eval_loss': 0.3364603519439697, 'eval_spearman_rho': 0.4267890910010965, 'eval_mse': 0.3364603519439697, 'eval_runtime': 12.2816, 'eval_samples_per_second': 69.698, 'eval_steps_per_second': 8.712, 'epoch': 2.0}
{'loss': 0.3972, 'grad_norm': 7.326059818267822, 'learning_rate': 2.2274143302180686e-05, 'epoch': 2.34}
{'eval_loss': 0.23212333023548126, 'eval_spearman_rho': 0.5195564462465223, 'eval_mse': 0.23212333023548126, 'eval_runtime': 12.2867, 'eval_samples_per_second': 69.669, 'eval_steps_per_second': 8.709, 'epoch': 3.0}
{'train_runtime': 441.9951, 'train_samples_per_second': 23.22, 'train_steps_per_second': 1.453, 'train_loss': 0.3666783805205443, 'epoch': 3.0}
Evaluating on Test Set...

--- FINAL LoRA RESULTS ---
Model: facebook/esm2_t33_650M_UR50D
Spearman Rho: 0.5196
MSE Loss: 0.2321
---------------------------
